{"/Users/yaqoob/Desktop/FINAL-YEAR-PROJECT/app-assankheti-frontend/components/SpeechHighlight.tsx": {"path":"/Users/yaqoob/Desktop/FINAL-YEAR-PROJECT/app-assankheti-frontend/components/SpeechHighlight.tsx","statementMap":{"0":{"start":{"line":15,"column":16},"end":{"line":15,"column":53}},"1":{"start":{"line":16,"column":24},"end":{"line":16,"column":74}},"2":{"start":{"line":18,"column":2},"end":{"line":30,"column":37}},"3":{"start":{"line":19,"column":4},"end":{"line":29,"column":5}},"4":{"start":{"line":20,"column":6},"end":{"line":23,"column":17}},"5":{"start":{"line":25,"column":6},"end":{"line":28,"column":17}},"6":{"start":{"line":32,"column":33},"end":{"line":42,"column":3}},"7":{"start":{"line":33,"column":10},"end":{"line":40,"column":5}},"8":{"start":{"line":44,"column":2},"end":{"line":49,"column":4}},"9":{"start":{"line":52,"column":15},"end":{"line":67,"column":2}}},"fnMap":{"0":{"name":"SpeechHighlight","decl":{"start":{"line":4,"column":16},"end":{"line":4,"column":31}},"loc":{"start":{"line":14,"column":3},"end":{"line":50,"column":1}},"line":14},"1":{"name":"(anonymous_1)","decl":{"start":{"line":18,"column":12},"end":{"line":18,"column":13}},"loc":{"start":{"line":18,"column":18},"end":{"line":30,"column":3}},"line":18},"2":{"name":"(anonymous_2)","decl":{"start":{"line":33,"column":4},"end":{"line":33,"column":5}},"loc":{"start":{"line":33,"column":10},"end":{"line":40,"column":5}},"line":33}},"branchMap":{"0":{"loc":{"start":{"line":16,"column":50},"end":{"line":16,"column":64}},"type":"cond-expr","locations":[{"start":{"line":16,"column":59},"end":{"line":16,"column":60}},{"start":{"line":16,"column":63},"end":{"line":16,"column":64}}],"line":16},"1":{"loc":{"start":{"line":19,"column":4},"end":{"line":29,"column":5}},"type":"if","locations":[{"start":{"line":19,"column":4},"end":{"line":29,"column":5}},{"start":{"line":24,"column":11},"end":{"line":29,"column":5}}],"line":19}},"s":{"0":2,"1":2,"2":2,"3":2,"4":1,"5":1,"6":2,"7":1,"8":2,"9":1},"f":{"0":2,"1":2,"2":1},"b":{"0":[1,1],"1":[1,1]},"_coverageSchema":"1a1c01bbd47fc00a2c39e90264f33305004495a9","hash":"d65cbbd3a916f400d016e02fe5b50be9304424d1"}
,"/Users/yaqoob/Desktop/FINAL-YEAR-PROJECT/app-assankheti-frontend/components/TalkBackButton.tsx": {"path":"/Users/yaqoob/Desktop/FINAL-YEAR-PROJECT/app-assankheti-frontend/components/TalkBackButton.tsx","statementMap":{"0":{"start":{"line":9,"column":17},"end":{"line":9,"column":36}},"1":{"start":{"line":10,"column":34},"end":{"line":10,"column":52}},"2":{"start":{"line":12,"column":2},"end":{"line":27,"column":4}},"3":{"start":{"line":21,"column":23},"end":{"line":21,"column":43}},"4":{"start":{"line":30,"column":15},"end":{"line":62,"column":2}}},"fnMap":{"0":{"name":"TalkBackButton","decl":{"start":{"line":8,"column":16},"end":{"line":8,"column":30}},"loc":{"start":{"line":8,"column":33},"end":{"line":28,"column":1}},"line":8},"1":{"name":"(anonymous_1)","decl":{"start":{"line":21,"column":17},"end":{"line":21,"column":18}},"loc":{"start":{"line":21,"column":23},"end":{"line":21,"column":43}},"line":21}},"branchMap":{"0":{"loc":{"start":{"line":17,"column":28},"end":{"line":17,"column":88}},"type":"cond-expr","locations":[{"start":{"line":17,"column":38},"end":{"line":17,"column":62}},{"start":{"line":17,"column":65},"end":{"line":17,"column":88}}],"line":17},"1":{"loc":{"start":{"line":22,"column":31},"end":{"line":22,"column":67}},"type":"cond-expr","locations":[{"start":{"line":22,"column":41},"end":{"line":22,"column":60}},{"start":{"line":22,"column":63},"end":{"line":22,"column":67}}],"line":22},"2":{"loc":{"start":{"line":24,"column":61},"end":{"line":24,"column":92}},"type":"cond-expr","locations":[{"start":{"line":24,"column":71},"end":{"line":24,"column":80}},{"start":{"line":24,"column":83},"end":{"line":24,"column":92}}],"line":24}},"s":{"0":3,"1":3,"2":3,"3":1,"4":1},"f":{"0":3,"1":1},"b":{"0":[2,1],"1":[2,1],"2":[2,1]},"_coverageSchema":"1a1c01bbd47fc00a2c39e90264f33305004495a9","hash":"d3f4da417f02d7cc9bff843e057b7c34ba2f555b"}
,"/Users/yaqoob/Desktop/FINAL-YEAR-PROJECT/app-assankheti-frontend/contexts/VoiceGuidanceContext.tsx": {"path":"/Users/yaqoob/Desktop/FINAL-YEAR-PROJECT/app-assankheti-frontend/contexts/VoiceGuidanceContext.tsx","statementMap":{"0":{"start":{"line":9,"column":21},"end":{"line":13,"column":10}},"1":{"start":{"line":15,"column":17},"end":{"line":19,"column":10}},"2":{"start":{"line":45,"column":29},"end":{"line":45,"column":82}},"3":{"start":{"line":48,"column":28},"end":{"line":48,"column":41}},"4":{"start":{"line":49,"column":37},"end":{"line":49,"column":72}},"5":{"start":{"line":50,"column":31},"end":{"line":50,"column":62}},"6":{"start":{"line":51,"column":33},"end":{"line":51,"column":65}},"7":{"start":{"line":52,"column":34},"end":{"line":52,"column":49}},"8":{"start":{"line":53,"column":52},"end":{"line":53,"column":81}},"9":{"start":{"line":54,"column":19},"end":{"line":54,"column":32}},"10":{"start":{"line":55,"column":24},"end":{"line":55,"column":33}},"11":{"start":{"line":57,"column":2},"end":{"line":80,"column":9}},"12":{"start":{"line":58,"column":18},"end":{"line":58,"column":22}},"13":{"start":{"line":59,"column":4},"end":{"line":75,"column":9}},"14":{"start":{"line":60,"column":6},"end":{"line":74,"column":7}},"15":{"start":{"line":61,"column":57},"end":{"line":65,"column":10}},"16":{"start":{"line":67,"column":8},"end":{"line":67,"column":29}},"17":{"start":{"line":67,"column":22},"end":{"line":67,"column":29}},"18":{"start":{"line":69,"column":8},"end":{"line":69,"column":77}},"19":{"start":{"line":69,"column":35},"end":{"line":69,"column":77}},"20":{"start":{"line":70,"column":8},"end":{"line":70,"column":65}},"21":{"start":{"line":70,"column":32},"end":{"line":70,"column":65}},"22":{"start":{"line":71,"column":8},"end":{"line":71,"column":68}},"23":{"start":{"line":71,"column":33},"end":{"line":71,"column":68}},"24":{"start":{"line":73,"column":8},"end":{"line":73,"column":39}},"25":{"start":{"line":73,"column":21},"end":{"line":73,"column":39}},"26":{"start":{"line":77,"column":4},"end":{"line":79,"column":6}},"27":{"start":{"line":78,"column":6},"end":{"line":78,"column":22}},"28":{"start":{"line":82,"column":2},"end":{"line":86,"column":17}},"29":{"start":{"line":83,"column":4},"end":{"line":83,"column":32}},"30":{"start":{"line":84,"column":4},"end":{"line":84,"column":31}},"31":{"start":{"line":85,"column":4},"end":{"line":85,"column":31}},"32":{"start":{"line":88,"column":25},"end":{"line":91,"column":8}},"33":{"start":{"line":89,"column":4},"end":{"line":89,"column":27}},"34":{"start":{"line":90,"column":4},"end":{"line":90,"column":67}},"35":{"start":{"line":93,"column":21},"end":{"line":105,"column":3}},"36":{"start":{"line":95,"column":6},"end":{"line":95,"column":28}},"37":{"start":{"line":96,"column":22},"end":{"line":96,"column":82}},"38":{"start":{"line":97,"column":6},"end":{"line":97,"column":58}},"39":{"start":{"line":98,"column":6},"end":{"line":102,"column":9}},"40":{"start":{"line":107,"column":18},"end":{"line":110,"column":8}},"41":{"start":{"line":108,"column":4},"end":{"line":108,"column":24}},"42":{"start":{"line":109,"column":4},"end":{"line":109,"column":64}},"43":{"start":{"line":112,"column":19},"end":{"line":115,"column":8}},"44":{"start":{"line":113,"column":4},"end":{"line":113,"column":25}},"45":{"start":{"line":114,"column":4},"end":{"line":114,"column":65}},"46":{"start":{"line":117,"column":16},"end":{"line":130,"column":3}},"47":{"start":{"line":119,"column":6},"end":{"line":119,"column":27}},"48":{"start":{"line":119,"column":20},"end":{"line":119,"column":27}},"49":{"start":{"line":120,"column":6},"end":{"line":120,"column":57}},"50":{"start":{"line":120,"column":23},"end":{"line":120,"column":57}},"51":{"start":{"line":121,"column":6},"end":{"line":127,"column":9}},"52":{"start":{"line":125,"column":22},"end":{"line":125,"column":99}},"53":{"start":{"line":125,"column":57},"end":{"line":125,"column":97}},"54":{"start":{"line":126,"column":23},"end":{"line":126,"column":100}},"55":{"start":{"line":126,"column":58},"end":{"line":126,"column":98}},"56":{"start":{"line":132,"column":15},"end":{"line":135,"column":8}},"57":{"start":{"line":133,"column":4},"end":{"line":133,"column":32}},"58":{"start":{"line":134,"column":4},"end":{"line":134,"column":31}},"59":{"start":{"line":137,"column":16},"end":{"line":140,"column":8}},"60":{"start":{"line":138,"column":4},"end":{"line":138,"column":33}},"61":{"start":{"line":139,"column":4},"end":{"line":139,"column":31}},"62":{"start":{"line":142,"column":17},"end":{"line":144,"column":8}},"63":{"start":{"line":143,"column":4},"end":{"line":143,"column":41}},"64":{"start":{"line":146,"column":25},"end":{"line":156,"column":3}},"65":{"start":{"line":148,"column":6},"end":{"line":148,"column":27}},"66":{"start":{"line":148,"column":20},"end":{"line":148,"column":27}},"67":{"start":{"line":149,"column":6},"end":{"line":153,"column":9}},"68":{"start":{"line":158,"column":18},"end":{"line":167,"column":3}},"69":{"start":{"line":160,"column":6},"end":{"line":164,"column":9}},"70":{"start":{"line":169,"column":31},"end":{"line":172,"column":8}},"71":{"start":{"line":170,"column":4},"end":{"line":170,"column":31}},"72":{"start":{"line":171,"column":4},"end":{"line":171,"column":31}},"73":{"start":{"line":174,"column":30},"end":{"line":194,"column":3}},"74":{"start":{"line":176,"column":6},"end":{"line":176,"column":44}},"75":{"start":{"line":176,"column":37},"end":{"line":176,"column":44}},"76":{"start":{"line":177,"column":25},"end":{"line":177,"column":48}},"77":{"start":{"line":179,"column":6},"end":{"line":191,"column":11}},"78":{"start":{"line":180,"column":8},"end":{"line":190,"column":9}},"79":{"start":{"line":181,"column":10},"end":{"line":181,"column":58}},"80":{"start":{"line":181,"column":52},"end":{"line":181,"column":58}},"81":{"start":{"line":182,"column":10},"end":{"line":182,"column":40}},"82":{"start":{"line":183,"column":10},"end":{"line":187,"column":13}},"83":{"start":{"line":188,"column":10},"end":{"line":188,"column":58}},"84":{"start":{"line":188,"column":52},"end":{"line":188,"column":58}},"85":{"start":{"line":189,"column":10},"end":{"line":189,"column":37}},"86":{"start":{"line":196,"column":16},"end":{"line":233,"column":3}},"87":{"start":{"line":197,"column":11},"end":{"line":214,"column":5}},"88":{"start":{"line":235,"column":2},"end":{"line":235,"column":97}},"89":{"start":{"line":239,"column":14},"end":{"line":239,"column":46}},"90":{"start":{"line":240,"column":2},"end":{"line":240,"column":90}},"91":{"start":{"line":240,"column":12},"end":{"line":240,"column":90}},"92":{"start":{"line":241,"column":2},"end":{"line":241,"column":13}}},"fnMap":{"0":{"name":"VoiceGuidanceProvider","decl":{"start":{"line":47,"column":16},"end":{"line":47,"column":37}},"loc":{"start":{"line":47,"column":83},"end":{"line":236,"column":1}},"line":47},"1":{"name":"(anonymous_1)","decl":{"start":{"line":57,"column":12},"end":{"line":57,"column":13}},"loc":{"start":{"line":57,"column":18},"end":{"line":80,"column":3}},"line":57},"2":{"name":"(anonymous_2)","decl":{"start":{"line":59,"column":5},"end":{"line":59,"column":6}},"loc":{"start":{"line":59,"column":17},"end":{"line":75,"column":5}},"line":59},"3":{"name":"(anonymous_3)","decl":{"start":{"line":77,"column":11},"end":{"line":77,"column":12}},"loc":{"start":{"line":77,"column":17},"end":{"line":79,"column":5}},"line":77},"4":{"name":"(anonymous_4)","decl":{"start":{"line":82,"column":12},"end":{"line":82,"column":13}},"loc":{"start":{"line":82,"column":18},"end":{"line":86,"column":3}},"line":82},"5":{"name":"(anonymous_5)","decl":{"start":{"line":88,"column":37},"end":{"line":88,"column":38}},"loc":{"start":{"line":88,"column":57},"end":{"line":91,"column":3}},"line":88},"6":{"name":"(anonymous_6)","decl":{"start":{"line":94,"column":4},"end":{"line":94,"column":5}},"loc":{"start":{"line":94,"column":24},"end":{"line":103,"column":5}},"line":94},"7":{"name":"(anonymous_7)","decl":{"start":{"line":107,"column":30},"end":{"line":107,"column":31}},"loc":{"start":{"line":107,"column":49},"end":{"line":110,"column":3}},"line":107},"8":{"name":"(anonymous_8)","decl":{"start":{"line":112,"column":31},"end":{"line":112,"column":32}},"loc":{"start":{"line":112,"column":50},"end":{"line":115,"column":3}},"line":112},"9":{"name":"(anonymous_9)","decl":{"start":{"line":118,"column":4},"end":{"line":118,"column":5}},"loc":{"start":{"line":118,"column":57},"end":{"line":128,"column":5}},"line":118},"10":{"name":"(anonymous_10)","decl":{"start":{"line":125,"column":16},"end":{"line":125,"column":17}},"loc":{"start":{"line":125,"column":22},"end":{"line":125,"column":99}},"line":125},"11":{"name":"(anonymous_11)","decl":{"start":{"line":125,"column":43},"end":{"line":125,"column":44}},"loc":{"start":{"line":125,"column":57},"end":{"line":125,"column":97}},"line":125},"12":{"name":"(anonymous_12)","decl":{"start":{"line":126,"column":17},"end":{"line":126,"column":18}},"loc":{"start":{"line":126,"column":23},"end":{"line":126,"column":100}},"line":126},"13":{"name":"(anonymous_13)","decl":{"start":{"line":126,"column":44},"end":{"line":126,"column":45}},"loc":{"start":{"line":126,"column":58},"end":{"line":126,"column":98}},"line":126},"14":{"name":"(anonymous_14)","decl":{"start":{"line":132,"column":27},"end":{"line":132,"column":28}},"loc":{"start":{"line":132,"column":33},"end":{"line":135,"column":3}},"line":132},"15":{"name":"(anonymous_15)","decl":{"start":{"line":137,"column":28},"end":{"line":137,"column":29}},"loc":{"start":{"line":137,"column":34},"end":{"line":140,"column":3}},"line":137},"16":{"name":"(anonymous_16)","decl":{"start":{"line":142,"column":29},"end":{"line":142,"column":30}},"loc":{"start":{"line":142,"column":35},"end":{"line":144,"column":3}},"line":142},"17":{"name":"(anonymous_17)","decl":{"start":{"line":147,"column":4},"end":{"line":147,"column":5}},"loc":{"start":{"line":147,"column":28},"end":{"line":154,"column":5}},"line":147},"18":{"name":"(anonymous_18)","decl":{"start":{"line":159,"column":4},"end":{"line":159,"column":5}},"loc":{"start":{"line":159,"column":28},"end":{"line":165,"column":5}},"line":159},"19":{"name":"(anonymous_19)","decl":{"start":{"line":169,"column":43},"end":{"line":169,"column":44}},"loc":{"start":{"line":169,"column":49},"end":{"line":172,"column":3}},"line":169},"20":{"name":"(anonymous_20)","decl":{"start":{"line":175,"column":4},"end":{"line":175,"column":5}},"loc":{"start":{"line":175,"column":36},"end":{"line":192,"column":5}},"line":175},"21":{"name":"(anonymous_21)","decl":{"start":{"line":179,"column":7},"end":{"line":179,"column":8}},"loc":{"start":{"line":179,"column":19},"end":{"line":191,"column":7}},"line":179},"22":{"name":"(anonymous_22)","decl":{"start":{"line":197,"column":4},"end":{"line":197,"column":5}},"loc":{"start":{"line":197,"column":11},"end":{"line":214,"column":5}},"line":197},"23":{"name":"useVoiceGuidanceContext","decl":{"start":{"line":238,"column":16},"end":{"line":238,"column":39}},"loc":{"start":{"line":238,"column":42},"end":{"line":242,"column":1}},"line":238}},"branchMap":{"0":{"loc":{"start":{"line":67,"column":8},"end":{"line":67,"column":29}},"type":"if","locations":[{"start":{"line":67,"column":8},"end":{"line":67,"column":29}},{"start":{},"end":{}}],"line":67},"1":{"loc":{"start":{"line":69,"column":8},"end":{"line":69,"column":77}},"type":"if","locations":[{"start":{"line":69,"column":8},"end":{"line":69,"column":77}},{"start":{},"end":{}}],"line":69},"2":{"loc":{"start":{"line":70,"column":8},"end":{"line":70,"column":65}},"type":"if","locations":[{"start":{"line":70,"column":8},"end":{"line":70,"column":65}},{"start":{},"end":{}}],"line":70},"3":{"loc":{"start":{"line":71,"column":8},"end":{"line":71,"column":68}},"type":"if","locations":[{"start":{"line":71,"column":8},"end":{"line":71,"column":68}},{"start":{},"end":{}}],"line":71},"4":{"loc":{"start":{"line":73,"column":8},"end":{"line":73,"column":39}},"type":"if","locations":[{"start":{"line":73,"column":8},"end":{"line":73,"column":39}},{"start":{},"end":{}}],"line":73},"5":{"loc":{"start":{"line":96,"column":22},"end":{"line":96,"column":82}},"type":"cond-expr","locations":[{"start":{"line":96,"column":30},"end":{"line":96,"column":54}},{"start":{"line":96,"column":57},"end":{"line":96,"column":82}}],"line":96},"6":{"loc":{"start":{"line":119,"column":6},"end":{"line":119,"column":27}},"type":"if","locations":[{"start":{"line":119,"column":6},"end":{"line":119,"column":27}},{"start":{},"end":{}}],"line":119},"7":{"loc":{"start":{"line":120,"column":6},"end":{"line":120,"column":57}},"type":"if","locations":[{"start":{"line":120,"column":6},"end":{"line":120,"column":57}},{"start":{},"end":{}}],"line":120},"8":{"loc":{"start":{"line":125,"column":57},"end":{"line":125,"column":97}},"type":"cond-expr","locations":[{"start":{"line":125,"column":83},"end":{"line":125,"column":87}},{"start":{"line":125,"column":90},"end":{"line":125,"column":97}}],"line":125},"9":{"loc":{"start":{"line":126,"column":58},"end":{"line":126,"column":98}},"type":"cond-expr","locations":[{"start":{"line":126,"column":84},"end":{"line":126,"column":88}},{"start":{"line":126,"column":91},"end":{"line":126,"column":98}}],"line":126},"10":{"loc":{"start":{"line":148,"column":6},"end":{"line":148,"column":27}},"type":"if","locations":[{"start":{"line":148,"column":6},"end":{"line":148,"column":27}},{"start":{},"end":{}}],"line":148},"11":{"loc":{"start":{"line":176,"column":6},"end":{"line":176,"column":44}},"type":"if","locations":[{"start":{"line":176,"column":6},"end":{"line":176,"column":44}},{"start":{},"end":{}}],"line":176},"12":{"loc":{"start":{"line":176,"column":10},"end":{"line":176,"column":35}},"type":"binary-expr","locations":[{"start":{"line":176,"column":10},"end":{"line":176,"column":18}},{"start":{"line":176,"column":22},"end":{"line":176,"column":35}}],"line":176},"13":{"loc":{"start":{"line":181,"column":10},"end":{"line":181,"column":58}},"type":"if","locations":[{"start":{"line":181,"column":10},"end":{"line":181,"column":58}},{"start":{},"end":{}}],"line":181},"14":{"loc":{"start":{"line":188,"column":10},"end":{"line":188,"column":58}},"type":"if","locations":[{"start":{"line":188,"column":10},"end":{"line":188,"column":58}},{"start":{},"end":{}}],"line":188},"15":{"loc":{"start":{"line":240,"column":2},"end":{"line":240,"column":90}},"type":"if","locations":[{"start":{"line":240,"column":2},"end":{"line":240,"column":90}},{"start":{},"end":{}}],"line":240}},"s":{"0":1,"1":1,"2":1,"3":32,"4":32,"5":32,"6":32,"7":32,"8":32,"9":32,"10":32,"11":32,"12":8,"13":8,"14":8,"15":8,"16":8,"17":0,"18":8,"19":1,"20":8,"21":1,"22":8,"23":1,"24":8,"25":8,"26":8,"27":8,"28":32,"29":8,"30":8,"31":8,"32":32,"33":6,"34":6,"35":32,"36":6,"37":6,"38":6,"39":6,"40":32,"41":1,"42":1,"43":32,"44":1,"45":1,"46":32,"47":4,"48":1,"49":3,"50":2,"51":3,"52":1,"53":1,"54":1,"55":1,"56":32,"57":1,"58":1,"59":32,"60":1,"61":1,"62":32,"63":1,"64":32,"65":2,"66":1,"67":1,"68":32,"69":1,"70":32,"71":1,"72":1,"73":32,"74":3,"75":2,"76":1,"77":1,"78":1,"79":2,"80":0,"81":2,"82":2,"83":2,"84":1,"85":1,"86":32,"87":30,"88":32,"89":33,"90":32,"91":2,"92":30},"f":{"0":32,"1":8,"2":8,"3":8,"4":8,"5":6,"6":6,"7":1,"8":1,"9":4,"10":1,"11":1,"12":1,"13":1,"14":1,"15":1,"16":1,"17":2,"18":1,"19":1,"20":3,"21":1,"22":30,"23":33},"b":{"0":[0,8],"1":[1,7],"2":[1,7],"3":[1,7],"4":[8,0],"5":[5,1],"6":[1,3],"7":[2,1],"8":[1,0],"9":[0,1],"10":[1,1],"11":[2,1],"12":[3,1],"13":[0,2],"14":[1,1],"15":[2,30]},"_coverageSchema":"1a1c01bbd47fc00a2c39e90264f33305004495a9","hash":"3cca319a86edd64ee4832af62605f70ca53d9120"}
,"/Users/yaqoob/Desktop/FINAL-YEAR-PROJECT/app-assankheti-frontend/lib/voiceGuidance/VoiceGuidanceService.ts": {"path":"/Users/yaqoob/Desktop/FINAL-YEAR-PROJECT/app-assankheti-frontend/lib/voiceGuidance/VoiceGuidanceService.ts","statementMap":{"0":{"start":{"line":15,"column":52},"end":{"line":18,"column":1}},"1":{"start":{"line":21,"column":39},"end":{"line":21,"column":43}},"2":{"start":{"line":22,"column":38},"end":{"line":22,"column":42}},"3":{"start":{"line":23,"column":45},"end":{"line":23,"column":49}},"4":{"start":{"line":24,"column":47},"end":{"line":24,"column":51}},"5":{"start":{"line":25,"column":24},"end":{"line":25,"column":25}},"6":{"start":{"line":28,"column":20},"end":{"line":28,"column":31}},"7":{"start":{"line":29,"column":4},"end":{"line":29,"column":43}},"8":{"start":{"line":29,"column":18},"end":{"line":29,"column":43}},"9":{"start":{"line":31,"column":4},"end":{"line":31,"column":16}},"10":{"start":{"line":32,"column":18},"end":{"line":32,"column":36}},"11":{"start":{"line":33,"column":4},"end":{"line":33,"column":31}},"12":{"start":{"line":34,"column":4},"end":{"line":34,"column":27}},"13":{"start":{"line":35,"column":4},"end":{"line":35,"column":31}},"14":{"start":{"line":37,"column":4},"end":{"line":63,"column":7}},"15":{"start":{"line":38,"column":6},"end":{"line":38,"column":35}},"16":{"start":{"line":39,"column":6},"end":{"line":62,"column":9}},"17":{"start":{"line":45,"column":10},"end":{"line":45,"column":49}},"18":{"start":{"line":45,"column":42},"end":{"line":45,"column":49}},"19":{"start":{"line":46,"column":10},"end":{"line":46,"column":29}},"20":{"start":{"line":47,"column":10},"end":{"line":47,"column":29}},"21":{"start":{"line":48,"column":10},"end":{"line":48,"column":20}},"22":{"start":{"line":51,"column":10},"end":{"line":51,"column":49}},"23":{"start":{"line":51,"column":42},"end":{"line":51,"column":49}},"24":{"start":{"line":52,"column":10},"end":{"line":52,"column":29}},"25":{"start":{"line":53,"column":10},"end":{"line":53,"column":29}},"26":{"start":{"line":54,"column":10},"end":{"line":54,"column":20}},"27":{"start":{"line":57,"column":10},"end":{"line":57,"column":49}},"28":{"start":{"line":57,"column":42},"end":{"line":57,"column":49}},"29":{"start":{"line":58,"column":10},"end":{"line":58,"column":29}},"30":{"start":{"line":59,"column":10},"end":{"line":59,"column":30}},"31":{"start":{"line":60,"column":10},"end":{"line":60,"column":20}},"32":{"start":{"line":67,"column":4},"end":{"line":67,"column":53}},"33":{"start":{"line":68,"column":4},"end":{"line":68,"column":37}},"34":{"start":{"line":72,"column":4},"end":{"line":72,"column":40}},"35":{"start":{"line":76,"column":4},"end":{"line":76,"column":26}},"36":{"start":{"line":77,"column":4},"end":{"line":77,"column":18}},"37":{"start":{"line":78,"column":4},"end":{"line":78,"column":19}},"38":{"start":{"line":82,"column":4},"end":{"line":82,"column":55}},"39":{"start":{"line":82,"column":48},"end":{"line":82,"column":55}},"40":{"start":{"line":83,"column":4},"end":{"line":83,"column":39}},"41":{"start":{"line":84,"column":4},"end":{"line":84,"column":16}},"42":{"start":{"line":88,"column":4},"end":{"line":88,"column":72}},"43":{"start":{"line":88,"column":47},"end":{"line":88,"column":72}},"44":{"start":{"line":89,"column":23},"end":{"line":89,"column":38}},"45":{"start":{"line":90,"column":4},"end":{"line":90,"column":27}},"46":{"start":{"line":91,"column":4},"end":{"line":91,"column":52}},"47":{"start":{"line":95,"column":4},"end":{"line":97,"column":5}},"48":{"start":{"line":96,"column":6},"end":{"line":96,"column":27}},"49":{"start":{"line":98,"column":4},"end":{"line":98,"column":30}},"50":{"start":{"line":99,"column":4},"end":{"line":99,"column":28}},"51":{"start":{"line":100,"column":4},"end":{"line":102,"column":5}},"52":{"start":{"line":101,"column":6},"end":{"line":101,"column":29}},"53":{"start":{"line":106,"column":36},"end":{"line":106,"column":62}}},"fnMap":{"0":{"name":"(anonymous_0)","decl":{"start":{"line":27,"column":2},"end":{"line":27,"column":3}},"loc":{"start":{"line":27,"column":60},"end":{"line":64,"column":3}},"line":27},"1":{"name":"(anonymous_1)","decl":{"start":{"line":37,"column":23},"end":{"line":37,"column":24}},"loc":{"start":{"line":37,"column":36},"end":{"line":63,"column":5}},"line":37},"2":{"name":"(anonymous_2)","decl":{"start":{"line":44,"column":16},"end":{"line":44,"column":17}},"loc":{"start":{"line":44,"column":22},"end":{"line":49,"column":9}},"line":44},"3":{"name":"(anonymous_3)","decl":{"start":{"line":50,"column":19},"end":{"line":50,"column":20}},"loc":{"start":{"line":50,"column":25},"end":{"line":55,"column":9}},"line":50},"4":{"name":"(anonymous_4)","decl":{"start":{"line":56,"column":17},"end":{"line":56,"column":18}},"loc":{"start":{"line":56,"column":23},"end":{"line":61,"column":9}},"line":56},"5":{"name":"(anonymous_5)","decl":{"start":{"line":66,"column":2},"end":{"line":66,"column":3}},"loc":{"start":{"line":66,"column":63},"end":{"line":69,"column":3}},"line":66},"6":{"name":"(anonymous_6)","decl":{"start":{"line":71,"column":2},"end":{"line":71,"column":3}},"loc":{"start":{"line":71,"column":69},"end":{"line":73,"column":3}},"line":71},"7":{"name":"(anonymous_7)","decl":{"start":{"line":75,"column":2},"end":{"line":75,"column":3}},"loc":{"start":{"line":75,"column":9},"end":{"line":79,"column":3}},"line":75},"8":{"name":"(anonymous_8)","decl":{"start":{"line":81,"column":2},"end":{"line":81,"column":3}},"loc":{"start":{"line":81,"column":10},"end":{"line":85,"column":3}},"line":81},"9":{"name":"(anonymous_9)","decl":{"start":{"line":87,"column":2},"end":{"line":87,"column":3}},"loc":{"start":{"line":87,"column":26},"end":{"line":92,"column":3}},"line":87},"10":{"name":"(anonymous_10)","decl":{"start":{"line":94,"column":2},"end":{"line":94,"column":3}},"loc":{"start":{"line":94,"column":39},"end":{"line":103,"column":3}},"line":94}},"branchMap":{"0":{"loc":{"start":{"line":29,"column":4},"end":{"line":29,"column":43}},"type":"if","locations":[{"start":{"line":29,"column":4},"end":{"line":29,"column":43}},{"start":{},"end":{}}],"line":29},"1":{"loc":{"start":{"line":45,"column":10},"end":{"line":45,"column":49}},"type":"if","locations":[{"start":{"line":45,"column":10},"end":{"line":45,"column":49}},{"start":{},"end":{}}],"line":45},"2":{"loc":{"start":{"line":51,"column":10},"end":{"line":51,"column":49}},"type":"if","locations":[{"start":{"line":51,"column":10},"end":{"line":51,"column":49}},{"start":{},"end":{}}],"line":51},"3":{"loc":{"start":{"line":57,"column":10},"end":{"line":57,"column":49}},"type":"if","locations":[{"start":{"line":57,"column":10},"end":{"line":57,"column":49}},{"start":{},"end":{}}],"line":57},"4":{"loc":{"start":{"line":82,"column":4},"end":{"line":82,"column":55}},"type":"if","locations":[{"start":{"line":82,"column":4},"end":{"line":82,"column":55}},{"start":{},"end":{}}],"line":82},"5":{"loc":{"start":{"line":82,"column":8},"end":{"line":82,"column":46}},"type":"binary-expr","locations":[{"start":{"line":82,"column":8},"end":{"line":82,"column":25}},{"start":{"line":82,"column":29},"end":{"line":82,"column":46}}],"line":82},"6":{"loc":{"start":{"line":88,"column":4},"end":{"line":88,"column":72}},"type":"if","locations":[{"start":{"line":88,"column":4},"end":{"line":88,"column":72}},{"start":{},"end":{}}],"line":88},"7":{"loc":{"start":{"line":88,"column":8},"end":{"line":88,"column":45}},"type":"binary-expr","locations":[{"start":{"line":88,"column":8},"end":{"line":88,"column":24}},{"start":{"line":88,"column":28},"end":{"line":88,"column":45}}],"line":88},"8":{"loc":{"start":{"line":94,"column":18},"end":{"line":94,"column":37}},"type":"default-arg","locations":[{"start":{"line":94,"column":32},"end":{"line":94,"column":37}}],"line":94},"9":{"loc":{"start":{"line":95,"column":4},"end":{"line":97,"column":5}},"type":"if","locations":[{"start":{"line":95,"column":4},"end":{"line":97,"column":5}},{"start":{},"end":{}}],"line":95},"10":{"loc":{"start":{"line":100,"column":4},"end":{"line":102,"column":5}},"type":"if","locations":[{"start":{"line":100,"column":4},"end":{"line":102,"column":5}},{"start":{},"end":{}}],"line":100}},"s":{"0":1,"1":1,"2":1,"3":1,"4":1,"5":1,"6":23,"7":23,"8":1,"9":22,"10":22,"11":22,"12":22,"13":22,"14":22,"15":22,"16":22,"17":9,"18":1,"19":8,"20":8,"21":8,"22":2,"23":1,"24":1,"25":1,"26":1,"27":3,"28":1,"29":2,"30":2,"31":2,"32":2,"33":2,"34":1,"35":34,"36":34,"37":34,"38":2,"39":0,"40":2,"41":2,"42":3,"43":1,"44":2,"45":2,"46":2,"47":45,"48":21,"49":45,"50":45,"51":45,"52":11,"53":1},"f":{"0":23,"1":22,"2":9,"3":2,"4":3,"5":2,"6":1,"7":34,"8":2,"9":3,"10":45},"b":{"0":[1,22],"1":[1,8],"2":[1,1],"3":[1,2],"4":[0,2],"5":[2,2],"6":[1,2],"7":[3,2],"8":[34],"9":[21,24],"10":[11,34]},"_coverageSchema":"1a1c01bbd47fc00a2c39e90264f33305004495a9","hash":"9d0f7b3895ee3065157f8c562840567fcabc6bbe"}
}
