TN:
SF:components/SpeechHighlight.tsx
FN:4,SpeechHighlight
FN:18,(anonymous_1)
FN:33,(anonymous_2)
FNF:3
FNH:3
FNDA:2,SpeechHighlight
FNDA:2,(anonymous_1)
FNDA:1,(anonymous_2)
DA:15,2
DA:16,2
DA:18,2
DA:19,2
DA:20,1
DA:25,1
DA:32,2
DA:33,1
DA:44,2
DA:52,1
LF:10
LH:10
BRDA:16,0,0,1
BRDA:16,0,1,1
BRDA:19,1,0,1
BRDA:19,1,1,1
BRF:4
BRH:4
end_of_record
TN:
SF:components/TalkBackButton.tsx
FN:8,TalkBackButton
FN:21,(anonymous_1)
FNF:2
FNH:2
FNDA:3,TalkBackButton
FNDA:1,(anonymous_1)
DA:9,3
DA:10,3
DA:12,3
DA:21,1
DA:30,1
LF:5
LH:5
BRDA:17,0,0,2
BRDA:17,0,1,1
BRDA:22,1,0,2
BRDA:22,1,1,1
BRDA:24,2,0,2
BRDA:24,2,1,1
BRF:6
BRH:6
end_of_record
TN:
SF:contexts/VoiceGuidanceContext.tsx
FN:47,VoiceGuidanceProvider
FN:57,(anonymous_1)
FN:59,(anonymous_2)
FN:77,(anonymous_3)
FN:82,(anonymous_4)
FN:88,(anonymous_5)
FN:94,(anonymous_6)
FN:107,(anonymous_7)
FN:112,(anonymous_8)
FN:118,(anonymous_9)
FN:125,(anonymous_10)
FN:125,(anonymous_11)
FN:126,(anonymous_12)
FN:126,(anonymous_13)
FN:132,(anonymous_14)
FN:137,(anonymous_15)
FN:142,(anonymous_16)
FN:147,(anonymous_17)
FN:159,(anonymous_18)
FN:169,(anonymous_19)
FN:175,(anonymous_20)
FN:179,(anonymous_21)
FN:197,(anonymous_22)
FN:238,useVoiceGuidanceContext
FNF:24
FNH:24
FNDA:32,VoiceGuidanceProvider
FNDA:8,(anonymous_1)
FNDA:8,(anonymous_2)
FNDA:8,(anonymous_3)
FNDA:8,(anonymous_4)
FNDA:6,(anonymous_5)
FNDA:6,(anonymous_6)
FNDA:1,(anonymous_7)
FNDA:1,(anonymous_8)
FNDA:4,(anonymous_9)
FNDA:1,(anonymous_10)
FNDA:1,(anonymous_11)
FNDA:1,(anonymous_12)
FNDA:1,(anonymous_13)
FNDA:1,(anonymous_14)
FNDA:1,(anonymous_15)
FNDA:1,(anonymous_16)
FNDA:2,(anonymous_17)
FNDA:1,(anonymous_18)
FNDA:1,(anonymous_19)
FNDA:3,(anonymous_20)
FNDA:1,(anonymous_21)
FNDA:30,(anonymous_22)
FNDA:33,useVoiceGuidanceContext
DA:9,1
DA:15,1
DA:45,1
DA:48,32
DA:49,32
DA:50,32
DA:51,32
DA:52,32
DA:53,32
DA:54,32
DA:55,32
DA:57,32
DA:58,8
DA:59,8
DA:60,8
DA:61,8
DA:67,8
DA:69,8
DA:70,8
DA:71,8
DA:73,8
DA:77,8
DA:78,8
DA:82,32
DA:83,8
DA:84,8
DA:85,8
DA:88,32
DA:89,6
DA:90,6
DA:93,32
DA:95,6
DA:96,6
DA:97,6
DA:98,6
DA:107,32
DA:108,1
DA:109,1
DA:112,32
DA:113,1
DA:114,1
DA:117,32
DA:119,4
DA:120,3
DA:121,3
DA:125,1
DA:126,1
DA:132,32
DA:133,1
DA:134,1
DA:137,32
DA:138,1
DA:139,1
DA:142,32
DA:143,1
DA:146,32
DA:148,2
DA:149,1
DA:158,32
DA:160,1
DA:169,32
DA:170,1
DA:171,1
DA:174,32
DA:176,3
DA:177,1
DA:179,1
DA:180,1
DA:181,2
DA:182,2
DA:183,2
DA:188,2
DA:189,1
DA:196,32
DA:197,30
DA:235,32
DA:239,33
DA:240,32
DA:241,30
LF:79
LH:79
BRDA:67,0,0,0
BRDA:67,0,1,8
BRDA:69,1,0,1
BRDA:69,1,1,7
BRDA:70,2,0,1
BRDA:70,2,1,7
BRDA:71,3,0,1
BRDA:71,3,1,7
BRDA:73,4,0,8
BRDA:73,4,1,0
BRDA:96,5,0,5
BRDA:96,5,1,1
BRDA:119,6,0,1
BRDA:119,6,1,3
BRDA:120,7,0,2
BRDA:120,7,1,1
BRDA:125,8,0,1
BRDA:125,8,1,0
BRDA:126,9,0,0
BRDA:126,9,1,1
BRDA:148,10,0,1
BRDA:148,10,1,1
BRDA:176,11,0,2
BRDA:176,11,1,1
BRDA:176,12,0,3
BRDA:176,12,1,1
BRDA:181,13,0,0
BRDA:181,13,1,2
BRDA:188,14,0,1
BRDA:188,14,1,1
BRDA:240,15,0,2
BRDA:240,15,1,30
BRF:32
BRH:27
end_of_record
TN:
SF:lib/voiceGuidance/VoiceGuidanceService.ts
FN:27,(anonymous_0)
FN:37,(anonymous_1)
FN:44,(anonymous_2)
FN:50,(anonymous_3)
FN:56,(anonymous_4)
FN:66,(anonymous_5)
FN:71,(anonymous_6)
FN:75,(anonymous_7)
FN:81,(anonymous_8)
FN:87,(anonymous_9)
FN:94,(anonymous_10)
FNF:11
FNH:11
FNDA:23,(anonymous_0)
FNDA:22,(anonymous_1)
FNDA:9,(anonymous_2)
FNDA:2,(anonymous_3)
FNDA:3,(anonymous_4)
FNDA:2,(anonymous_5)
FNDA:1,(anonymous_6)
FNDA:34,(anonymous_7)
FNDA:2,(anonymous_8)
FNDA:3,(anonymous_9)
FNDA:45,(anonymous_10)
DA:15,1
DA:21,1
DA:22,1
DA:23,1
DA:24,1
DA:25,1
DA:28,23
DA:29,23
DA:31,22
DA:32,22
DA:33,22
DA:34,22
DA:35,22
DA:37,22
DA:38,22
DA:39,22
DA:45,9
DA:46,8
DA:47,8
DA:48,8
DA:51,2
DA:52,1
DA:53,1
DA:54,1
DA:57,3
DA:58,2
DA:59,2
DA:60,2
DA:67,2
DA:68,2
DA:72,1
DA:76,34
DA:77,34
DA:78,34
DA:82,2
DA:83,2
DA:84,2
DA:88,3
DA:89,2
DA:90,2
DA:91,2
DA:95,45
DA:96,21
DA:98,45
DA:99,45
DA:100,45
DA:101,11
DA:106,1
LF:48
LH:48
BRDA:29,0,0,1
BRDA:29,0,1,22
BRDA:45,1,0,1
BRDA:45,1,1,8
BRDA:51,2,0,1
BRDA:51,2,1,1
BRDA:57,3,0,1
BRDA:57,3,1,2
BRDA:82,4,0,0
BRDA:82,4,1,2
BRDA:82,5,0,2
BRDA:82,5,1,2
BRDA:88,6,0,1
BRDA:88,6,1,2
BRDA:88,7,0,3
BRDA:88,7,1,2
BRDA:94,8,0,34
BRDA:95,9,0,21
BRDA:95,9,1,24
BRDA:100,10,0,11
BRDA:100,10,1,34
BRF:21
BRH:20
end_of_record
